<?xml version="1.0" encoding="utf-8"?><testsuites name="pytest tests"><testsuite name="pytest" errors="0" failures="0" skipped="0" tests="4" time="0.016" timestamp="2026-03-20T20:07:41.115667-03:00" hostname="CIDLAB109M14"><testcase classname="test_cadastro" name="test_cep_sorocaba" time="0.000" /><testcase classname="test_cadastro" name="test_cep_capela" time="0.000" /><testcase classname="test_cadastro" name="test_cep_sao_roque" time="0.000" /><testcase classname="test_cadastro" name="test_cep_votorantim_erro" time="0.000" /></testsuite></testsuites>